2020-03-24 01:12:05.828  INFO 11052 --- [restartedMain] w.gulu.community.CommunityApplication    : Starting CommunityApplication on DESKTOP-L1P4GPM with PID 11052 (E:\IDEAJavaProjects\gulu\target\classes started by HY in E:\IDEAJavaProjects\gulu)
2020-03-24 01:12:05.834  INFO 11052 --- [restartedMain] w.gulu.community.CommunityApplication    : No active profile set, falling back to default profiles: default
2020-03-24 01:12:05.947  INFO 11052 --- [restartedMain] .e.DevToolsPropertyDefaultsPostProcessor : Devtools property defaults active! Set 'spring.devtools.add-properties' to 'false' to disable
2020-03-24 01:12:05.948  INFO 11052 --- [restartedMain] .e.DevToolsPropertyDefaultsPostProcessor : For additional web related logging consider setting the 'logging.level.web' property to 'DEBUG'
2020-03-24 01:12:09.118  INFO 11052 --- [restartedMain] o.s.b.w.embedded.tomcat.TomcatWebServer  : Tomcat initialized with port(s): 8887 (http)
2020-03-24 01:12:09.201  INFO 11052 --- [restartedMain] o.apache.catalina.core.StandardService   : Starting service [Tomcat]
2020-03-24 01:12:09.202  INFO 11052 --- [restartedMain] org.apache.catalina.core.StandardEngine  : Starting Servlet engine: [Apache Tomcat/9.0.31]
2020-03-24 01:12:09.211  INFO 11052 --- [restartedMain] o.a.catalina.core.AprLifecycleListener   : Loaded APR based Apache Tomcat Native library [1.2.23] using APR version [1.7.0].
2020-03-24 01:12:09.212  INFO 11052 --- [restartedMain] o.a.catalina.core.AprLifecycleListener   : APR capabilities: IPv6 [true], sendfile [true], accept filters [false], random [true].
2020-03-24 01:12:09.213  INFO 11052 --- [restartedMain] o.a.catalina.core.AprLifecycleListener   : APR/OpenSSL configuration: useAprConnector [false], useOpenSSL [true]
2020-03-24 01:12:09.236  INFO 11052 --- [restartedMain] o.a.catalina.core.AprLifecycleListener   : OpenSSL successfully initialized [OpenSSL 1.1.1c  28 May 2019]
2020-03-24 01:12:09.593  INFO 11052 --- [restartedMain] o.a.c.c.C.[Tomcat].[localhost].[/]       : Initializing Spring embedded WebApplicationContext
2020-03-24 01:12:09.594  INFO 11052 --- [restartedMain] o.s.web.context.ContextLoader            : Root WebApplicationContext: initialization completed in 3645 ms
2020-03-24 01:12:10.849  INFO 11052 --- [restartedMain] o.s.s.concurrent.ThreadPoolTaskExecutor  : Initializing ExecutorService 'applicationTaskExecutor'
2020-03-24 01:12:10.953  INFO 11052 --- [restartedMain] o.s.b.a.w.s.WelcomePageHandlerMapping    : Adding welcome page template: index
2020-03-24 01:12:12.086  INFO 11052 --- [restartedMain] o.s.b.d.a.OptionalLiveReloadServer       : LiveReload server is running on port 35729
2020-03-24 01:12:12.222  INFO 11052 --- [restartedMain] o.s.b.w.embedded.tomcat.TomcatWebServer  : Tomcat started on port(s): 8887 (http) with context path ''
2020-03-24 01:12:12.230  INFO 11052 --- [restartedMain] w.gulu.community.CommunityApplication    : Started CommunityApplication in 7.452 seconds (JVM running for 11.018)
2020-03-24 01:12:27.049  INFO 11052 --- [http-nio-8887-exec-1] o.a.c.c.C.[Tomcat].[localhost].[/]       : Initializing Spring DispatcherServlet 'dispatcherServlet'
2020-03-24 01:12:27.050  INFO 11052 --- [http-nio-8887-exec-1] o.s.web.servlet.DispatcherServlet        : Initializing Servlet 'dispatcherServlet'
2020-03-24 01:12:27.064  INFO 11052 --- [http-nio-8887-exec-1] o.s.web.servlet.DispatcherServlet        : Completed initialization in 14 ms
2020-03-24 01:12:27.267  INFO 11052 --- [http-nio-8887-exec-1] com.zaxxer.hikari.HikariDataSource       : HikariPool-1 - Starting...
2020-03-24 01:12:27.844  INFO 11052 --- [http-nio-8887-exec-1] com.zaxxer.hikari.HikariDataSource       : HikariPool-1 - Start completed.
2020-03-24 01:16:13.958  INFO 16172 --- [restartedMain] w.gulu.community.CommunityApplication    : Starting CommunityApplication on DESKTOP-L1P4GPM with PID 16172 (E:\IDEAJavaProjects\gulu\target\classes started by HY in E:\IDEAJavaProjects\gulu)
2020-03-24 01:16:13.965  INFO 16172 --- [restartedMain] w.gulu.community.CommunityApplication    : No active profile set, falling back to default profiles: default
2020-03-24 01:16:14.087  INFO 16172 --- [restartedMain] .e.DevToolsPropertyDefaultsPostProcessor : Devtools property defaults active! Set 'spring.devtools.add-properties' to 'false' to disable
2020-03-24 01:16:14.088  INFO 16172 --- [restartedMain] .e.DevToolsPropertyDefaultsPostProcessor : For additional web related logging consider setting the 'logging.level.web' property to 'DEBUG'
2020-03-24 01:16:16.163  INFO 16172 --- [restartedMain] o.s.b.w.embedded.tomcat.TomcatWebServer  : Tomcat initialized with port(s): 8887 (http)
2020-03-24 01:16:16.190  INFO 16172 --- [restartedMain] o.apache.catalina.core.StandardService   : Starting service [Tomcat]
2020-03-24 01:16:16.190  INFO 16172 --- [restartedMain] org.apache.catalina.core.StandardEngine  : Starting Servlet engine: [Apache Tomcat/9.0.31]
2020-03-24 01:16:16.199  INFO 16172 --- [restartedMain] o.a.catalina.core.AprLifecycleListener   : Loaded APR based Apache Tomcat Native library [1.2.23] using APR version [1.7.0].
2020-03-24 01:16:16.199  INFO 16172 --- [restartedMain] o.a.catalina.core.AprLifecycleListener   : APR capabilities: IPv6 [true], sendfile [true], accept filters [false], random [true].
2020-03-24 01:16:16.199  INFO 16172 --- [restartedMain] o.a.catalina.core.AprLifecycleListener   : APR/OpenSSL configuration: useAprConnector [false], useOpenSSL [true]
2020-03-24 01:16:16.205  INFO 16172 --- [restartedMain] o.a.catalina.core.AprLifecycleListener   : OpenSSL successfully initialized [OpenSSL 1.1.1c  28 May 2019]
2020-03-24 01:16:16.375  INFO 16172 --- [restartedMain] o.a.c.c.C.[Tomcat].[localhost].[/]       : Initializing Spring embedded WebApplicationContext
2020-03-24 01:16:16.375  INFO 16172 --- [restartedMain] o.s.web.context.ContextLoader            : Root WebApplicationContext: initialization completed in 2287 ms
2020-03-24 01:16:17.423  INFO 16172 --- [restartedMain] o.s.s.concurrent.ThreadPoolTaskExecutor  : Initializing ExecutorService 'applicationTaskExecutor'
2020-03-24 01:16:17.512  INFO 16172 --- [restartedMain] o.s.b.a.w.s.WelcomePageHandlerMapping    : Adding welcome page template: index
2020-03-24 01:16:18.183  INFO 16172 --- [restartedMain] o.s.b.d.a.OptionalLiveReloadServer       : LiveReload server is running on port 35729
2020-03-24 01:16:18.281  INFO 16172 --- [restartedMain] o.s.b.w.embedded.tomcat.TomcatWebServer  : Tomcat started on port(s): 8887 (http) with context path ''
2020-03-24 01:16:18.286  INFO 16172 --- [restartedMain] w.gulu.community.CommunityApplication    : Started CommunityApplication in 5.211 seconds (JVM running for 8.004)
2020-03-24 01:16:35.356  INFO 16172 --- [http-nio-8887-exec-1] o.a.c.c.C.[Tomcat].[localhost].[/]       : Initializing Spring DispatcherServlet 'dispatcherServlet'
2020-03-24 01:16:35.356  INFO 16172 --- [http-nio-8887-exec-1] o.s.web.servlet.DispatcherServlet        : Initializing Servlet 'dispatcherServlet'
2020-03-24 01:16:35.370  INFO 16172 --- [http-nio-8887-exec-1] o.s.web.servlet.DispatcherServlet        : Completed initialization in 14 ms
2020-03-24 01:16:35.666  INFO 16172 --- [http-nio-8887-exec-1] com.zaxxer.hikari.HikariDataSource       : HikariPool-1 - Starting...
2020-03-24 01:16:36.008  INFO 16172 --- [http-nio-8887-exec-1] com.zaxxer.hikari.HikariDataSource       : HikariPool-1 - Start completed.
2020-03-24 13:15:03.995  INFO 7888 --- [restartedMain] w.gulu.community.CommunityApplication    : Starting CommunityApplication on DESKTOP-L1P4GPM with PID 7888 (E:\IDEAJavaProjects\gulu\target\classes started by HY in E:\IDEAJavaProjects\gulu)
2020-03-24 13:15:04.057  INFO 7888 --- [restartedMain] w.gulu.community.CommunityApplication    : No active profile set, falling back to default profiles: default
2020-03-24 13:15:04.461  INFO 7888 --- [restartedMain] .e.DevToolsPropertyDefaultsPostProcessor : Devtools property defaults active! Set 'spring.devtools.add-properties' to 'false' to disable
2020-03-24 13:15:04.461  INFO 7888 --- [restartedMain] .e.DevToolsPropertyDefaultsPostProcessor : For additional web related logging consider setting the 'logging.level.web' property to 'DEBUG'
2020-03-24 13:15:10.290  INFO 7888 --- [restartedMain] o.s.b.w.embedded.tomcat.TomcatWebServer  : Tomcat initialized with port(s): 8887 (http)
2020-03-24 13:15:10.369  INFO 7888 --- [restartedMain] o.apache.catalina.core.StandardService   : Starting service [Tomcat]
2020-03-24 13:15:10.369  INFO 7888 --- [restartedMain] org.apache.catalina.core.StandardEngine  : Starting Servlet engine: [Apache Tomcat/9.0.31]
2020-03-24 13:15:10.411  INFO 7888 --- [restartedMain] o.a.catalina.core.AprLifecycleListener   : Loaded APR based Apache Tomcat Native library [1.2.23] using APR version [1.7.0].
2020-03-24 13:15:10.411  INFO 7888 --- [restartedMain] o.a.catalina.core.AprLifecycleListener   : APR capabilities: IPv6 [true], sendfile [true], accept filters [false], random [true].
2020-03-24 13:15:10.411  INFO 7888 --- [restartedMain] o.a.catalina.core.AprLifecycleListener   : APR/OpenSSL configuration: useAprConnector [false], useOpenSSL [true]
2020-03-24 13:15:10.482  INFO 7888 --- [restartedMain] o.a.catalina.core.AprLifecycleListener   : OpenSSL successfully initialized [OpenSSL 1.1.1c  28 May 2019]
2020-03-24 13:15:10.777  INFO 7888 --- [restartedMain] o.a.c.c.C.[Tomcat].[localhost].[/]       : Initializing Spring embedded WebApplicationContext
2020-03-24 13:15:10.778  INFO 7888 --- [restartedMain] o.s.web.context.ContextLoader            : Root WebApplicationContext: initialization completed in 6317 ms
2020-03-24 13:15:13.094  INFO 7888 --- [restartedMain] o.s.s.concurrent.ThreadPoolTaskExecutor  : Initializing ExecutorService 'applicationTaskExecutor'
2020-03-24 13:15:13.206  INFO 7888 --- [restartedMain] o.s.b.a.w.s.WelcomePageHandlerMapping    : Adding welcome page template: index
2020-03-24 13:15:14.291  INFO 7888 --- [restartedMain] o.s.b.d.a.OptionalLiveReloadServer       : LiveReload server is running on port 35729
2020-03-24 13:15:14.439  INFO 7888 --- [restartedMain] o.s.b.w.embedded.tomcat.TomcatWebServer  : Tomcat started on port(s): 8887 (http) with context path ''
2020-03-24 13:15:14.449  INFO 7888 --- [restartedMain] w.gulu.community.CommunityApplication    : Started CommunityApplication in 13.47 seconds (JVM running for 21.913)
